#
# There is insufficient memory for the Java Runtime Environment to continue.
# Native memory allocation (mmap) failed to map 268435456 bytes for G1 virtual space
# Possible reasons:
#   The system is out of physical RAM or swap space
#   The process is running with CompressedOops enabled, and the Java Heap may be blocking the growth of the native heap
# Possible solutions:
#   Reduce memory load on the system
#   Increase physical memory or swap space
#   Check if swap backing store is full
#   Decrease Java heap size (-Xmx/-Xms)
#   Decrease number of Java threads
#   Decrease Java thread stack sizes (-Xss)
#   Set larger code cache with -XX:ReservedCodeCacheSize=
#   JVM is running with Zero Based Compressed Oops mode in which the Java heap is
#     placed in the first 32GB address space. The Java Heap base address is the
#     maximum limit for the native heap growth. Please use -XX:HeapBaseMinAddress
#     to set the Java Heap base and to place the Java Heap above 32GB virtual address.
# This output file may be truncated or incomplete.
#
#  Out of Memory Error (os_windows.cpp:3541), pid=15944, tid=11436
#
# JRE version:  (17.0.4+8) (build )
# Java VM: OpenJDK 64-Bit Server VM (17.0.4+8-LTS, mixed mode, sharing, tiered, compressed oops, compressed class ptrs, g1 gc, windows-amd64)
# No core dump will be written. Minidumps are not enabled by default on client versions of Windows
#

---------------  S U M M A R Y ------------

Command Line: -javaagent:C:\Program Files\JetBrains\IntelliJ IDEA 2021.1\lib\idea_rt.jar=63037:C:\Program Files\JetBrains\IntelliJ IDEA 2021.1\bin -Dfile.encoding=UTF-8 app.Application

Host: Intel(R) Core(TM) i7-8750H CPU @ 2.20GHz, 12 cores, 15G,  Windows 11 , 64 bit Build 22000 (10.0.22000.708)
Time: Fri Oct  7 16:08:12 2022 SE Asia Standard Time elapsed time: 0.009804 seconds (0d 0h 0m 0s)

---------------  T H R E A D  ---------------

Current thread (0x000001cc3fdea400):  JavaThread "Unknown thread" [_thread_in_vm, id=11436, stack(0x000000131b700000,0x000000131b800000)]

Stack: [0x000000131b700000,0x000000131b800000]
Native frames: (J=compiled Java code, j=interpreted, Vv=VM code, C=native code)
V  [jvm.dll+0x64723a]
V  [jvm.dll+0x7f8894]
V  [jvm.dll+0x7fa04e]
V  [jvm.dll+0x7fa6a3]
V  [jvm.dll+0x234d38]
V  [jvm.dll+0x64417a]
V  [jvm.dll+0x638aa2]
V  [jvm.dll+0x2f2f69]
V  [jvm.dll+0x2fa146]
V  [jvm.dll+0x345e7a]
V  [jvm.dll+0x3460bf]
V  [jvm.dll+0x2c9408]
V  [jvm.dll+0x2ca399]
V  [jvm.dll+0x7cbea1]
V  [jvm.dll+0x353361]
V  [jvm.dll+0x7ac1ae]
V  [jvm.dll+0x3cec13]
V  [jvm.dll+0x3d0651]
C  [jli.dll+0x51af]
C  [ucrtbase.dll+0x26c0c]
C  [KERNEL32.DLL+0x154e0]
C  [ntdll.dll+0x485b]


---------------  P R O C E S S  ---------------

Threads class SMR info:
_java_thread_list=0x00007ffa6ef46718, length=0, elements={
}

Java Threads: ( => current thread )

Other Threads:
  0x000001cc3fe56150 GCTaskThread "GC Thread#0" [stack: 0x000000131b800000,0x000000131b900000] [id=2060]
  0x000001cc3fe67000 ConcurrentGCThread "G1 Main Marker" [stack: 0x000000131b900000,0x000000131ba00000] [id=9940]
  0x000001cc3fe69260 ConcurrentGCThread "G1 Conc#0" [stack: 0x000000131ba00000,0x000000131bb00000] [id=14728]

[error occurred during error reporting (printing all threads), id 0xc0000005, EXCEPTION_ACCESS_VIOLATION (0xc0000005) at pc=0x00007ffa6e73a5f7]

VM state: not at safepoint (not fully initialized)

VM Mutex/Monitor currently owned by a thread:  ([mutex/lock_event])
[0x000001cc3fde5dd0] Heap_lock - owner thread: 0x000001cc3fdea400

Heap address: 0x0000000701e00000, size: 4066 MB, Compressed Oops mode: Zero based, Oop shift amount: 3

CDS archive(s) mapped at: [0x0000000000000000-0x0000000000000000-0x0000000000000000), size 0, SharedBaseAddress: 0x0000000800000000, ArchiveRelocationMode: 0.
Narrow klass base: 0x0000000000000000, Narrow klass shift: 0, Narrow klass range: 0x0

GC Precious Log:
<Empty>

Heap:
 garbage-first heap   total 0K, used 0K [0x0000000701e00000, 0x0000000800000000)
  region size 2048K, 0 young (0K), 0 survivors (0K)

[error occurred during error reporting (printing heap information), id 0xc0000005, EXCEPTION_ACCESS_VIOLATION (0xc0000005) at pc=0x00007ffa6eafed59]

GC Heap History (0 events):
No events

Deoptimization events (0 events):
No events

Classes unloaded (0 events):
No events

Classes redefined (0 events):
No events

Internal exceptions (0 events):
No events

VM Operations (0 events):
No events

Events (1 events):
Event: 0.006 Loaded shared library C:\Users\maitr\.jdks\corretto-17.0.4\bin\java.dll


Dynamic libraries:
0x00007ff619100000 - 0x00007ff61910d000 	C:\Users\maitr\.jdks\corretto-17.0.4\bin\java.exe
0x00007ffadfa80000 - 0x00007ffadfc89000 	C:\WINDOWS\SYSTEM32\ntdll.dll
0x00007ffade710000 - 0x00007ffade7cd000 	C:\WINDOWS\System32\KERNEL32.DLL
0x00007ffadd100000 - 0x00007ffadd47d000 	C:\WINDOWS\System32\KERNELBASE.dll
0x00007ffadd5f0000 - 0x00007ffadd701000 	C:\WINDOWS\System32\ucrtbase.dll
0x00007ffad2300000 - 0x00007ffad2318000 	C:\Users\maitr\.jdks\corretto-17.0.4\bin\jli.dll
0x00007ffad22e0000 - 0x00007ffad22f5000 	C:\Users\maitr\.jdks\corretto-17.0.4\bin\VCRUNTIME140.dll
0x00007ffadecb0000 - 0x00007ffadee5d000 	C:\WINDOWS\System32\USER32.dll
0x00007ffac9780000 - 0x00007ffac9a25000 	C:\WINDOWS\WinSxS\amd64_microsoft.windows.common-controls_6595b64144ccf1df_6.0.22000.120_none_9d947278b86cc467\COMCTL32.dll
0x00007ffadd710000 - 0x00007ffadd736000 	C:\WINDOWS\System32\win32u.dll
0x00007ffade7d0000 - 0x00007ffade7f9000 	C:\WINDOWS\System32\GDI32.dll
0x00007ffaddf90000 - 0x00007ffade033000 	C:\WINDOWS\System32\msvcrt.dll
0x00007ffadd7e0000 - 0x00007ffadd8f9000 	C:\WINDOWS\System32\gdi32full.dll
0x00007ffadd740000 - 0x00007ffadd7dd000 	C:\WINDOWS\System32\msvcp_win.dll
0x00007ffadf620000 - 0x00007ffadf651000 	C:\WINDOWS\System32\IMM32.DLL
0x00007ffa903b0000 - 0x00007ffa9044b000 	C:\Users\maitr\.jdks\corretto-17.0.4\bin\msvcp140.dll
0x00007ffa6e460000 - 0x00007ffa6f074000 	C:\Users\maitr\.jdks\corretto-17.0.4\bin\server\jvm.dll
0x00007ffadf6e0000 - 0x00007ffadf78e000 	C:\WINDOWS\System32\ADVAPI32.dll
0x00007ffadec00000 - 0x00007ffadec9e000 	C:\WINDOWS\System32\sechost.dll
0x00007ffaddd70000 - 0x00007ffadde90000 	C:\WINDOWS\System32\RPCRT4.dll
0x00007ffadfa30000 - 0x00007ffadfa38000 	C:\WINDOWS\System32\PSAPI.DLL
0x00007ffacefa0000 - 0x00007ffacefa9000 	C:\WINDOWS\SYSTEM32\WSOCK32.dll
0x00007ffad7710000 - 0x00007ffad771a000 	C:\WINDOWS\SYSTEM32\VERSION.dll
0x00007ffad7830000 - 0x00007ffad7863000 	C:\WINDOWS\SYSTEM32\WINMM.dll
0x00007ffadeb90000 - 0x00007ffadebff000 	C:\WINDOWS\System32\WS2_32.dll
0x00007ffadbf90000 - 0x00007ffadbfa8000 	C:\WINDOWS\SYSTEM32\kernel.appcore.dll
0x00007ffad22d0000 - 0x00007ffad22da000 	C:\Users\maitr\.jdks\corretto-17.0.4\bin\jimage.dll
0x00007ffada9f0000 - 0x00007ffadac11000 	C:\WINDOWS\SYSTEM32\DBGHELP.DLL
0x00007ffad3b10000 - 0x00007ffad3b41000 	C:\WINDOWS\SYSTEM32\dbgcore.DLL
0x00007ffadcf50000 - 0x00007ffadcfcf000 	C:\WINDOWS\System32\bcryptPrimitives.dll
0x00007ffad22c0000 - 0x00007ffad22ce000 	C:\Users\maitr\.jdks\corretto-17.0.4\bin\instrument.dll
0x00007ffac2210000 - 0x00007ffac2235000 	C:\Users\maitr\.jdks\corretto-17.0.4\bin\java.dll

dbghelp: loaded successfully - version: 4.0.5 - missing functions: none
symbol engine: initialized successfully - sym options: 0x614 - pdb path: .;C:\Users\maitr\.jdks\corretto-17.0.4\bin;C:\WINDOWS\SYSTEM32;C:\WINDOWS\WinSxS\amd64_microsoft.windows.common-controls_6595b64144ccf1df_6.0.22000.120_none_9d947278b86cc467;C:\Users\maitr\.jdks\corretto-17.0.4\bin\server

VM Arguments:
jvm_args: -javaagent:C:\Program Files\JetBrains\IntelliJ IDEA 2021.1\lib\idea_rt.jar=63037:C:\Program Files\JetBrains\IntelliJ IDEA 2021.1\bin -Dfile.encoding=UTF-8 
java_command: app.Application
java_class_path (initial): D:\NAMIV\PhanTan\VoThiTraGiang_DemoRectiveStream\target\classes;C:\Users\maitr\.m2\repository\org\mongodb\mongodb-driver-reactivestreams\4.1.2\mongodb-driver-reactivestreams-4.1.2.jar;C:\Users\maitr\.m2\repository\org\mongodb\bson\4.1.2\bson-4.1.2.jar;C:\Users\maitr\.m2\repository\org\mongodb\mongodb-driver-core\4.1.2\mongodb-driver-core-4.1.2.jar;C:\Users\maitr\.m2\repository\org\reactivestreams\reactive-streams\1.0.2\reactive-streams-1.0.2.jar;C:\Users\maitr\.m2\repository\org\apache\logging\log4j\log4j-slf4j-impl\2.17.1\log4j-slf4j-impl-2.17.1.jar;C:\Users\maitr\.m2\repository\org\slf4j\slf4j-api\1.7.25\slf4j-api-1.7.25.jar;C:\Users\maitr\.m2\repository\org\apache\logging\log4j\log4j-api\2.17.1\log4j-api-2.17.1.jar;C:\Users\maitr\.m2\repository\org\apache\logging\log4j\log4j-core\2.17.1\log4j-core-2.17.1.jar
Launcher Type: SUN_STANDARD

[Global flags]
     intx CICompilerCount                          = 4                                         {product} {ergonomic}
     uint ConcGCThreads                            = 3                                         {product} {ergonomic}
     uint G1ConcRefinementThreads                  = 10                                        {product} {ergonomic}
   size_t G1HeapRegionSize                         = 2097152                                   {product} {ergonomic}
    uintx GCDrainStackTargetSize                   = 64                                        {product} {ergonomic}
   size_t InitialHeapSize                          = 268435456                                 {product} {ergonomic}
   size_t MarkStackSize                            = 4194304                                   {product} {ergonomic}
   size_t MaxHeapSize                              = 4263510016                                {product} {ergonomic}
   size_t MinHeapDeltaBytes                        = 2097152                                   {product} {ergonomic}
   size_t MinHeapSize                              = 8388608                                   {product} {ergonomic}
    uintx NonNMethodCodeHeapSize                   = 5839372                                {pd product} {ergonomic}
    uintx NonProfiledCodeHeapSize                  = 122909434                              {pd product} {ergonomic}
    uintx ProfiledCodeHeapSize                     = 122909434                              {pd product} {ergonomic}
    uintx ReservedCodeCacheSize                    = 251658240                              {pd product} {ergonomic}
     bool SegmentedCodeCache                       = true                                      {product} {ergonomic}
   size_t SoftMaxHeapSize                          = 4263510016                             {manageable} {ergonomic}
     bool UseCompressedClassPointers               = true                           {product lp64_product} {ergonomic}
     bool UseCompressedOops                        = true                           {product lp64_product} {ergonomic}
     bool UseG1GC                                  = true                                      {product} {ergonomic}
     bool UseLargePagesIndividualAllocation        = false                                  {pd product} {ergonomic}

Logging:
Log output configuration:
 #0: stdout all=warning uptime,level,tags
 #1: stderr all=off uptime,level,tags

Environment Variables:
JAVA_HOME=C:\Program Files\Java\jdk-18.0.2.1
PATH=C:\Program Files (x86)\Common Files\Oracle\Java\javapath;C:\Program Files\Basler\pylon 5\Runtime\Win32\;C:\Program Files\Basler\pylon 5\Runtime\x64\;C:\WINDOWS\system32;C:\WINDOWS;C:\WINDOWS\System32\Wbem;C:\WINDOWS\System32\WindowsPowerShell\v1.0\;C:\WINDOWS\System32\OpenSSH\;C:\Program Files\Microsoft SQL Server\150\Tools\Binn\;C:\Program Files\dotnet\;C:\Program Files\Microsoft SQL Server\130\Tools\Binn\;C:\Program Files\Microsoft SQL Server\Client SDK\ODBC\170\Tools\Binn\;C:\Program Files\MVTec\HALCON-13.0\bin\x64-win64;C:\Program Files\Git\cmd;C:\Program Files\Java\jdk-18.0.2.1\bin;C:\Program Files\nodejs\;C:\Program Files\Docker\Docker\resources\bin;C:\ProgramData\DockerDesktop\version-bin;C:\Program Files\MongoDB\Server\6.0\bin;C:\Program Files\apache-maven-3.8.6\bin;C:\Program Files\MySQL\MySQL Shell 8.0\bin\;C:\Users\maitr\AppData\Local\Programs\Python\Python310\Scripts\;C:\Users\maitr\AppData\Local\Programs\Python\Python310\;C:\Users\maitr\AppData\Local\Microsoft\WindowsApps;C:\Users\maitr\.dotnet\tools;C:\Program Files\JetBrains\IntelliJ IDEA 2021.1\bin;;C:\Users\maitr\AppData\Roaming\npm;C:\Users\maitr\AppData\Local\Programs\mongosh\;C:\Program Files\Java\jdk-18.0.2.1;C:\Users\maitr\AppData\Local\Programs\Microsoft VS Code\bin
USERNAME=maitr
OS=Windows_NT
PROCESSOR_IDENTIFIER=Intel64 Family 6 Model 158 Stepping 10, GenuineIntel
TMP=C:\Users\maitr\AppData\Local\Temp
TEMP=C:\Users\maitr\AppData\Local\Temp



---------------  S Y S T E M  ---------------

OS:
 Windows 11 , 64 bit Build 22000 (10.0.22000.708)
OS uptime: 2 days 11:30 hours
Hyper-V role detected

CPU: total 12 (initial active 12) (6 cores per cpu, 2 threads per core) family 6 model 158 stepping 10 microcode 0xde, cx8, cmov, fxsr, ht, mmx, 3dnowpref, sse, sse2, sse3, ssse3, sse4.1, sse4.2, popcnt, lzcnt, tsc, tscinvbit, avx, avx2, aes, erms, clmul, bmi1, bmi2, adx, fma, vzeroupper, clflush, clflushopt, hv

Memory: 4k page, system-wide physical 16257M (1922M free)
TotalPageFile size 29057M (AvailPageFile size 49M)
current process WorkingSet (physical memory assigned to process): 11M, peak: 11M
current process commit charge ("private bytes"): 64M, peak: 320M

vm_info: OpenJDK 64-Bit Server VM (17.0.4+8-LTS) for windows-amd64 JRE (17.0.4+8-LTS), built on Jul 15 2022 17:12:09 by "Administrator" with MS VC++ 15.9 (VS2017)

END.
